# JRE version: Java(TM) SE Runtime Environment (8.0_152-b16) (build 1.8.0_152-b16)
# Java VM: Java HotSpot(TM) 64-Bit Server VM (25.152-b16 mixed mode windows-amd64 compressed oops)
Heap:
 PSYoungGen      total 143872K, used 367K [0x00000000f5580000, 0x00000000ffd80000, 0x0000000100000000)
  eden space 118784K, 0% used [0x00000000f5580000,0x00000000f55dbf18,0x00000000fc980000)
  from space 25088K, 0% used [0x00000000fe500000,0x00000000fe500000,0x00000000ffd80000)
  to   space 26624K, 0% used [0x00000000fc980000,0x00000000fc980000,0x00000000fe380000)
 ParOldGen       total 316928K, used 114506K [0x00000000e0000000, 0x00000000f3580000, 0x00000000f5580000)
  object space 316928K, 36% used [0x00000000e0000000,0x00000000e6fd2938,0x00000000f3580000)
 Metaspace       used 36119K, capacity 36522K, committed 36864K, reserved 1081344K
  class space    used 4450K, capacity 4566K, committed 4608K, reserved 1048576K
GC Heap History (10 events):
Event: 33.003 GC heap before
{Heap before GC invocations=18 (full 2):
 PSYoungGen      total 160256K, used 154396K [0x00000000f5580000, 0x00000000ffe80000, 0x0000000100000000)
  eden space 147456K, 100% used [0x00000000f5580000,0x00000000fe580000,0x00000000fe580000)
  from space 12800K, 54% used [0x00000000fe580000,0x00000000fec472c0,0x00000000ff200000)
  to   space 12288K, 0% used [0x00000000ff280000,0x00000000ff280000,0x00000000ffe80000)
 ParOldGen       total 189952K, used 33439K [0x00000000e0000000, 0x00000000eb980000, 0x00000000f5580000)
  object space 189952K, 17% used [0x00000000e0000000,0x00000000e20a7f68,0x00000000eb980000)
 Metaspace       used 35551K, capacity 35920K, committed 36224K, reserved 1081344K
  class space    used 4365K, capacity 4471K, committed 4480K, reserved 1048576K
Event: 33.010 GC heap after
Heap after GC invocations=18 (full 2):
 PSYoungGen      total 146944K, used 12265K [0x00000000f5580000, 0x0000000100000000, 0x0000000100000000)
  eden space 134656K, 0% used [0x00000000f5580000,0x00000000f5580000,0x00000000fd900000)
  from space 12288K, 99% used [0x00000000ff280000,0x00000000ffe7a448,0x00000000ffe80000)
  to   space 19968K, 0% used [0x00000000fd900000,0x00000000fd900000,0x00000000fec80000)
 ParOldGen       total 189952K, used 49824K [0x00000000e0000000, 0x00000000eb980000, 0x00000000f5580000)
  object space 189952K, 26% used [0x00000000e0000000,0x00000000e30a81a0,0x00000000eb980000)
 Metaspace       used 35551K, capacity 35920K, committed 36224K, reserved 1081344K
  class space    used 4365K, capacity 4471K, committed 4480K, reserved 1048576K
}
Event: 33.502 GC heap before
{Heap before GC invocations=19 (full 2):
 PSYoungGen      total 146944K, used 146921K [0x00000000f5580000, 0x0000000100000000, 0x0000000100000000)
  eden space 134656K, 100% used [0x00000000f5580000,0x00000000fd900000,0x00000000fd900000)
  from space 12288K, 99% used [0x00000000ff280000,0x00000000ffe7a448,0x00000000ffe80000)
  to   space 19968K, 0% used [0x00000000fd900000,0x00000000fd900000,0x00000000fec80000)
 ParOldGen       total 189952K, used 49824K [0x00000000e0000000, 0x00000000eb980000, 0x00000000f5580000)
  object space 189952K, 26% used [0x00000000e0000000,0x00000000e30a81a0,0x00000000eb980000)
 Metaspace       used 35554K, capacity 35920K, committed 36224K, reserved 1081344K
  class space    used 4365K, capacity 4471K, committed 4480K, reserved 1048576K
Event: 33.511 GC heap after
Heap after GC invocations=19 (full 2):
 PSYoungGen      total 154624K, used 19952K [0x00000000f5580000, 0x0000000100000000, 0x0000000100000000)
  eden space 134656K, 0% used [0x00000000f5580000,0x00000000f5580000,0x00000000fd900000)
  from space 19968K, 99% used [0x00000000fd900000,0x00000000fec7c090,0x00000000fec80000)
  to   space 19968K, 0% used [0x00000000fec80000,0x00000000fec80000,0x0000000100000000)
 ParOldGen       total 189952K, used 63844K [0x00000000e0000000, 0x00000000eb980000, 0x00000000f5580000)
  object space 189952K, 33% used [0x00000000e0000000,0x00000000e3e59010,0x00000000eb980000)
 Metaspace       used 35554K, capacity 35920K, committed 36224K, reserved 1081344K
  class space    used 4365K, capacity 4471K, committed 4480K, reserved 1048576K
}
Event: 34.065 GC heap before
{Heap before GC invocations=20 (full 2):
 PSYoungGen      total 154624K, used 154608K [0x00000000f5580000, 0x0000000100000000, 0x0000000100000000)
  eden space 134656K, 100% used [0x00000000f5580000,0x00000000fd900000,0x00000000fd900000)
  from space 19968K, 99% used [0x00000000fd900000,0x00000000fec7c090,0x00000000fec80000)
  to   space 19968K, 0% used [0x00000000fec80000,0x00000000fec80000,0x0000000100000000)
 ParOldGen       total 189952K, used 63844K [0x00000000e0000000, 0x00000000eb980000, 0x00000000f5580000)
  object space 189952K, 33% used [0x00000000e0000000,0x00000000e3e59010,0x00000000eb980000)
 Metaspace       used 35554K, capacity 35920K, committed 36224K, reserved 1081344K
  class space    used 4365K, capacity 4471K, committed 4480K, reserved 1048576K
Event: 34.074 GC heap after
Heap after GC invocations=20 (full 2):
 PSYoungGen      total 134144K, used 19888K [0x00000000f5580000, 0x0000000100000000, 0x0000000100000000)
  eden space 114176K, 0% used [0x00000000f5580000,0x00000000f5580000,0x00000000fc500000)
  from space 19968K, 99% used [0x00000000fec80000,0x00000000fffec0a0,0x0000000100000000)
  to   space 30208K, 0% used [0x00000000fc500000,0x00000000fc500000,0x00000000fe280000)
 ParOldGen       total 189952K, used 83867K [0x00000000e0000000, 0x00000000eb980000, 0x00000000f5580000)
  object space 189952K, 44% used [0x00000000e0000000,0x00000000e51e6c68,0x00000000eb980000)
 Metaspace       used 35554K, capacity 35920K, committed 36224K, reserved 1081344K
  class space    used 4365K, capacity 4471K, committed 4480K, reserved 1048576K
}
Event: 34.560 GC heap before
{Heap before GC invocations=21 (full 2):
 PSYoungGen      total 134144K, used 134064K [0x00000000f5580000, 0x0000000100000000, 0x0000000100000000)
  eden space 114176K, 100% used [0x00000000f5580000,0x00000000fc500000,0x00000000fc500000)
  from space 19968K, 99% used [0x00000000fec80000,0x00000000fffec0a0,0x0000000100000000)
  to   space 30208K, 0% used [0x00000000fc500000,0x00000000fc500000,0x00000000fe280000)
 ParOldGen       total 189952K, used 83867K [0x00000000e0000000, 0x00000000eb980000, 0x00000000f5580000)
  object space 189952K, 44% used [0x00000000e0000000,0x00000000e51e6c68,0x00000000eb980000)
 Metaspace       used 35555K, capacity 35920K, committed 36224K, reserved 1081344K
  class space    used 4366K, capacity 4471K, committed 4480K, reserved 1048576K
Event: 34.567 GC heap after
Heap after GC invocations=21 (full 2):
 PSYoungGen      total 144384K, used 11424K [0x00000000f5580000, 0x0000000100000000, 0x0000000100000000)
  eden space 114176K, 0% used [0x00000000f5580000,0x00000000f5580000,0x00000000fc500000)
  from space 30208K, 37% used [0x00000000fc500000,0x00000000fd028050,0x00000000fe280000)
  to   space 28160K, 0% used [0x00000000fe480000,0x00000000fe480000,0x0000000100000000)
 ParOldGen       total 189952K, used 103129K [0x00000000e0000000, 0x00000000eb980000, 0x00000000f5580000)
  object space 189952K, 54% used [0x00000000e0000000,0x00000000e64b65f0,0x00000000eb980000)
 Metaspace       used 35555K, capacity 35920K, committed 36224K, reserved 1081344K
  class space    used 4366K, capacity 4471K, committed 4480K, reserved 1048576K
}
Event: 47.878 GC heap before
{Heap before GC invocations=22 (full 2):
 PSYoungGen      total 144384K, used 125600K [0x00000000f5580000, 0x0000000100000000, 0x0000000100000000)
  eden space 114176K, 100% used [0x00000000f5580000,0x00000000fc500000,0x00000000fc500000)
  from space 30208K, 37% used [0x00000000fc500000,0x00000000fd028050,0x00000000fe280000)
  to   space 28160K, 0% used [0x00000000fe480000,0x00000000fe480000,0x0000000100000000)
 ParOldGen       total 189952K, used 103129K [0x00000000e0000000, 0x00000000eb980000, 0x00000000f5580000)
  object space 189952K, 54% used [0x00000000e0000000,0x00000000e64b65f0,0x00000000eb980000)
 Metaspace       used 35773K, capacity 36208K, committed 36608K, reserved 1081344K
  class space    used 4395K, capacity 4503K, committed 4608K, reserved 1048576K
Event: 47.885 GC heap after
Heap after GC invocations=22 (full 2):
 PSYoungGen      total 139264K, used 12156K [0x00000000f5580000, 0x00000000ffb00000, 0x0000000100000000)
  eden space 116224K, 0% used [0x00000000f5580000,0x00000000f5580000,0x00000000fc700000)
  from space 23040K, 52% used [0x00000000fe480000,0x00000000ff05f088,0x00000000ffb00000)
  to   space 26624K, 0% used [0x00000000fc700000,0x00000000fc700000,0x00000000fe100000)
 ParOldGen       total 189952K, used 113924K [0x00000000e0000000, 0x00000000eb980000, 0x00000000f5580000)
  object space 189952K, 59% used [0x00000000e0000000,0x00000000e6f41258,0x00000000eb980000)
 Metaspace       used 35773K, capacity 36208K, committed 36608K, reserved 1081344K
  class space    used 4395K, capacity 4503K, committed 4608K, reserved 1048576K
}

